2021-02-18 22:50:42 : Database Connection (isClosed): false
2021-02-18 22:50:42 : sqlStringBuilder = DROP TABLE data
2021-02-18 22:50:42 : sqlStringBuilder = INSERT INTO data (id,className,message) VALUES (438324027918600,'weatherRadarFactory','weatherRadarClass480652344')
2021-02-18 22:50:42 : sqlStringBuilder = INSERT INTO data (id,className,message) VALUES (438324029706100,'WeatherRadarFactory','weatherRadarInstance: 1768389326')
2021-02-18 22:50:42 : sqlStringBuilder = INSERT INTO data (id,className,message) VALUES (438324031237200,'WeatherRadarFactory','WeatherRadarPort: 500815625')
2021-02-18 22:50:42 : sqlStringBuilder = INSERT INTO data (id,className,message) VALUES (438324033753700,'weatherRadarFactory','weatherRadarClass1575897106')
2021-02-18 22:50:42 : sqlStringBuilder = INSERT INTO data (id,className,message) VALUES (438324034952400,'WeatherRadarFactory','weatherRadarInstance: 387659726')
2021-02-18 22:50:42 : sqlStringBuilder = INSERT INTO data (id,className,message) VALUES (438324035410200,'WeatherRadarFactory','WeatherRadarPort: 1371456859')
2021-02-18 22:50:42 : sqlStringBuilder = INSERT INTO data (id,className,message) VALUES (438324038161400,'slatFactory','slatClass1944584821')
2021-02-18 22:50:42 : sqlStringBuilder = INSERT INTO data (id,className,message) VALUES (438324038646100,'SlatFactory','slatInstance: 1103374540')
2021-02-18 22:50:42 : sqlStringBuilder = INSERT INTO data (id,className,message) VALUES (438324038986300,'SlatFactory','SlatPort: 278583434')
2021-02-18 22:50:42 : sqlStringBuilder = INSERT INTO data (id,className,message) VALUES (438324040277000,'slatFactory','slatClass1526253641')
2021-02-18 22:50:42 : sqlStringBuilder = INSERT INTO data (id,className,message) VALUES (438324040675600,'SlatFactory','slatInstance: 1646503456')
2021-02-18 22:50:42 : sqlStringBuilder = INSERT INTO data (id,className,message) VALUES (438324041019000,'SlatFactory','SlatPort: 1415292744')
2021-02-18 22:50:42 : sqlStringBuilder = INSERT INTO data (id,className,message) VALUES (438324042372800,'slatFactory','slatClass572470631')
2021-02-18 22:50:42 : sqlStringBuilder = INSERT INTO data (id,className,message) VALUES (438324042726200,'SlatFactory','slatInstance: 643514116')
2021-02-18 22:50:42 : sqlStringBuilder = INSERT INTO data (id,className,message) VALUES (438324043019600,'SlatFactory','SlatPort: 374781605')
2021-02-18 22:50:42 : sqlStringBuilder = INSERT INTO data (id,className,message) VALUES (438324044694700,'slatFactory','slatClass437433228')
2021-02-18 22:50:42 : sqlStringBuilder = INSERT INTO data (id,className,message) VALUES (438324045044700,'SlatFactory','slatInstance: 530819877')
2021-02-18 22:50:42 : sqlStringBuilder = INSERT INTO data (id,className,message) VALUES (438324045364900,'SlatFactory','SlatPort: 205407293')
2021-02-18 22:50:42 : sqlStringBuilder = INSERT INTO data (id,className,message) VALUES (438324046562900,'slatFactory','slatClass621946941')
2021-02-18 22:50:42 : sqlStringBuilder = INSERT INTO data (id,className,message) VALUES (438324046866500,'SlatFactory','slatInstance: 279615857')
2021-02-18 22:50:42 : sqlStringBuilder = INSERT INTO data (id,className,message) VALUES (438324047168300,'SlatFactory','SlatPort: 471339789')
2021-02-18 22:50:42 : sqlStringBuilder = INSERT INTO data (id,className,message) VALUES (438324048333200,'slatFactory','slatClass1567512772')
2021-02-18 22:50:42 : sqlStringBuilder = INSERT INTO data (id,className,message) VALUES (438324048650700,'SlatFactory','slatInstance: 523424530')
2021-02-18 22:50:42 : sqlStringBuilder = INSERT INTO data (id,className,message) VALUES (438324048940900,'SlatFactory','SlatPort: 1970768283')
2021-02-18 22:50:42 : sqlStringBuilder = INSERT INTO data (id,className,message) VALUES (438324051026000,'shockSensorFactory','shockSensorClass1244907079')
2021-02-18 22:50:42 : sqlStringBuilder = INSERT INTO data (id,className,message) VALUES (438324051430600,'ShockSensorFactory','shockSensorInstance: 1040312755')
2021-02-18 22:50:42 : sqlStringBuilder = INSERT INTO data (id,className,message) VALUES (438324051766900,'ShockSensorFactory','ShockSensorPort: 1297105663')
2021-02-18 22:50:42 : sqlStringBuilder = INSERT INTO data (id,className,message) VALUES (438324053197400,'shockSensorFactory','shockSensorClass1741848150')
2021-02-18 22:50:42 : sqlStringBuilder = INSERT INTO data (id,className,message) VALUES (438324053727400,'ShockSensorFactory','shockSensorInstance: 622434473')
2021-02-18 22:50:42 : sqlStringBuilder = INSERT INTO data (id,className,message) VALUES (438324054036700,'ShockSensorFactory','ShockSensorPort: 1947202743')
2021-02-18 22:50:42 : sqlStringBuilder = INSERT INTO data (id,className,message) VALUES (438324056343700,'stallingSensorFactory','stallingSensorClass1568674064')
2021-02-18 22:50:42 : sqlStringBuilder = INSERT INTO data (id,className,message) VALUES (438324057161600,'StallingSensorFactory','stallingSensorInstance: 1797671971')
2021-02-18 22:50:42 : sqlStringBuilder = INSERT INTO data (id,className,message) VALUES (438324057549700,'StallingSensorFactory','StallingSensorPort: 237575464')
2021-02-18 22:50:42 : sqlStringBuilder = INSERT INTO data (id,className,message) VALUES (438324058882700,'stallingSensorFactory','stallingSensorClass927095401')
2021-02-18 22:50:42 : sqlStringBuilder = INSERT INTO data (id,className,message) VALUES (438324059276800,'StallingSensorFactory','stallingSensorInstance: 1118652438')
2021-02-18 22:50:42 : sqlStringBuilder = INSERT INTO data (id,className,message) VALUES (438324059590700,'StallingSensorFactory','StallingSensorPort: 579899612')
2021-02-18 22:50:42 : sqlStringBuilder = INSERT INTO data (id,className,message) VALUES (438324061682600,'temperatureSensorFactory','temperatureSensorClass1226217035')
2021-02-18 22:50:42 : sqlStringBuilder = INSERT INTO data (id,className,message) VALUES (438324062174000,'TemperatureSensorFactory','temperatureSensorInstance: 36244096')
2021-02-18 22:50:42 : sqlStringBuilder = INSERT INTO data (id,className,message) VALUES (438324062477800,'TemperatureSensorFactory','TemperatureSensorPort: 883667310')
2021-02-18 22:50:42 : sqlStringBuilder = INSERT INTO data (id,className,message) VALUES (438324063794700,'temperatureSensorFactory','temperatureSensorClass1457919')
2021-02-18 22:50:42 : sqlStringBuilder = INSERT INTO data (id,className,message) VALUES (438324064142800,'TemperatureSensorFactory','temperatureSensorInstance: 2000896046')
2021-02-18 22:50:42 : sqlStringBuilder = INSERT INTO data (id,className,message) VALUES (438324064495900,'TemperatureSensorFactory','TemperatureSensorPort: 479325231')
2021-02-18 22:50:42 : sqlStringBuilder = INSERT INTO data (id,className,message) VALUES (438324087110700,'airFlowSensorFactory','airFlowSensorClass995509614')
2021-02-18 22:50:42 : sqlStringBuilder = INSERT INTO data (id,className,message) VALUES (438324087723500,'AirFlowSensorFactory','airFlowSensorInstance: 205222033')
2021-02-18 22:50:42 : sqlStringBuilder = INSERT INTO data (id,className,message) VALUES (438324088032500,'AirFlowSensorFactory','AirFlowSensorPort: 519990190')
2021-02-18 22:50:42 : sqlStringBuilder = INSERT INTO data (id,className,message) VALUES (438324089460100,'airFlowSensorFactory','airFlowSensorClass876104383')
2021-02-18 22:50:42 : sqlStringBuilder = INSERT INTO data (id,className,message) VALUES (438324089842400,'AirFlowSensorFactory','airFlowSensorInstance: 1775638875')
2021-02-18 22:50:42 : sqlStringBuilder = INSERT INTO data (id,className,message) VALUES (438324090130800,'AirFlowSensorFactory','AirFlowSensorPort: 1318130720')
2021-02-18 22:50:42 : sqlStringBuilder = INSERT INTO data (id,className,message) VALUES (438324092173200,'batteryFactory','batteryClass1981744787')
2021-02-18 22:50:42 : sqlStringBuilder = INSERT INTO data (id,className,message) VALUES (438324092602300,'BatteryFactory','batteryInstance: 2087622535')
2021-02-18 22:50:42 : sqlStringBuilder = INSERT INTO data (id,className,message) VALUES (438324092900200,'BatteryFactory','BatteryPort: 1170643178')
2021-02-18 22:50:42 : sqlStringBuilder = INSERT INTO data (id,className,message) VALUES (438324094192700,'batteryFactory','batteryClass1387455548')
2021-02-18 22:50:42 : sqlStringBuilder = INSERT INTO data (id,className,message) VALUES (438324095135400,'BatteryFactory','batteryInstance: 362942839')
2021-02-18 22:50:42 : sqlStringBuilder = INSERT INTO data (id,className,message) VALUES (438324095474600,'BatteryFactory','BatteryPort: 299548732')
2021-02-18 22:50:42 : sqlStringBuilder = INSERT INTO data (id,className,message) VALUES (438324097795100,'batteryFactory','batteryClass1760236785')
2021-02-18 22:50:42 : sqlStringBuilder = INSERT INTO data (id,className,message) VALUES (438324098605100,'BatteryFactory','batteryInstance: 390862745')
2021-02-18 22:50:42 : sqlStringBuilder = INSERT INTO data (id,className,message) VALUES (438324098956600,'BatteryFactory','BatteryPort: 518780248')
2021-02-18 22:50:42 : sqlStringBuilder = INSERT INTO data (id,className,message) VALUES (438324100670900,'batteryFactory','batteryClass1806914121')
2021-02-18 22:50:42 : sqlStringBuilder = INSERT INTO data (id,className,message) VALUES (438324101017400,'BatteryFactory','batteryInstance: 605171475')
2021-02-18 22:50:42 : sqlStringBuilder = INSERT INTO data (id,className,message) VALUES (438324101333700,'BatteryFactory','BatteryPort: 531057314')
2021-02-18 22:50:42 : sqlStringBuilder = INSERT INTO data (id,className,message) VALUES (438324103930900,'batteryFactory','batteryClass1990487856')
2021-02-18 22:50:42 : sqlStringBuilder = INSERT INTO data (id,className,message) VALUES (438324104821200,'BatteryFactory','batteryInstance: 1103628124')
2021-02-18 22:50:42 : sqlStringBuilder = INSERT INTO data (id,className,message) VALUES (438324105168400,'BatteryFactory','BatteryPort: 2020459361')
2021-02-18 22:50:42 : sqlStringBuilder = INSERT INTO data (id,className,message) VALUES (438324106416300,'batteryFactory','batteryClass1991260905')
2021-02-18 22:50:42 : sqlStringBuilder = INSERT INTO data (id,className,message) VALUES (438324106768200,'BatteryFactory','batteryInstance: 288254179')
2021-02-18 22:50:42 : sqlStringBuilder = INSERT INTO data (id,className,message) VALUES (438324107062000,'BatteryFactory','BatteryPort: 1882983249')
2021-02-18 22:50:42 : sqlStringBuilder = INSERT INTO data (id,className,message) VALUES (438324108278500,'batteryFactory','batteryClass85758061')
2021-02-18 22:50:42 : sqlStringBuilder = INSERT INTO data (id,className,message) VALUES (438324108913800,'BatteryFactory','batteryInstance: 1495398042')
2021-02-18 22:50:42 : sqlStringBuilder = INSERT INTO data (id,className,message) VALUES (438324109234100,'BatteryFactory','BatteryPort: 1323790623')
2021-02-18 22:50:42 : sqlStringBuilder = INSERT INTO data (id,className,message) VALUES (438324110574300,'batteryFactory','batteryClass1397246299')
2021-02-18 22:50:42 : sqlStringBuilder = INSERT INTO data (id,className,message) VALUES (438324110981100,'BatteryFactory','batteryInstance: 953494611')
2021-02-18 22:50:42 : sqlStringBuilder = INSERT INTO data (id,className,message) VALUES (438324111254900,'BatteryFactory','BatteryPort: 771027031')
2021-02-18 22:50:42 : sqlStringBuilder = INSERT INTO data (id,className,message) VALUES (438324112496100,'batteryFactory','batteryClass1088739366')
2021-02-18 22:50:42 : sqlStringBuilder = INSERT INTO data (id,className,message) VALUES (438324112858800,'BatteryFactory','batteryInstance: 1070017103')
2021-02-18 22:50:42 : sqlStringBuilder = INSERT INTO data (id,className,message) VALUES (438324113138500,'BatteryFactory','BatteryPort: 644968370')
2021-02-18 22:50:42 : sqlStringBuilder = INSERT INTO data (id,className,message) VALUES (438324114329900,'batteryFactory','batteryClass1873073772')
2021-02-18 22:50:42 : sqlStringBuilder = INSERT INTO data (id,className,message) VALUES (438324114806800,'BatteryFactory','batteryInstance: 1763352600')
2021-02-18 22:50:42 : sqlStringBuilder = INSERT INTO data (id,className,message) VALUES (438324115615600,'BatteryFactory','BatteryPort: 53178533')
2021-02-18 22:50:42 : sqlStringBuilder = INSERT INTO data (id,className,message) VALUES (438324116901100,'batteryFactory','batteryClass1064085802')
2021-02-18 22:50:42 : sqlStringBuilder = INSERT INTO data (id,className,message) VALUES (438324117203000,'BatteryFactory','batteryInstance: 1205657503')
2021-02-18 22:50:42 : sqlStringBuilder = INSERT INTO data (id,className,message) VALUES (438324117459100,'BatteryFactory','BatteryPort: 730221751')
2021-02-18 22:50:42 : sqlStringBuilder = INSERT INTO data (id,className,message) VALUES (438324118552900,'batteryFactory','batteryClass1807014612')
2021-02-18 22:50:42 : sqlStringBuilder = INSERT INTO data (id,className,message) VALUES (438324118946300,'BatteryFactory','batteryInstance: 644094176')
2021-02-18 22:50:42 : sqlStringBuilder = INSERT INTO data (id,className,message) VALUES (438324119255900,'BatteryFactory','BatteryPort: 1850353114')
2021-02-18 22:50:42 : sqlStringBuilder = INSERT INTO data (id,className,message) VALUES (438324120835200,'batteryFactory','batteryClass1919654891')
2021-02-18 22:50:42 : sqlStringBuilder = INSERT INTO data (id,className,message) VALUES (438324121271200,'BatteryFactory','batteryInstance: 51873159')
2021-02-18 22:50:42 : sqlStringBuilder = INSERT INTO data (id,className,message) VALUES (438324121545700,'BatteryFactory','BatteryPort: 376909624')
2021-02-18 22:50:42 : sqlStringBuilder = INSERT INTO data (id,className,message) VALUES (438324122760200,'batteryFactory','batteryClass986337049')
2021-02-18 22:50:42 : sqlStringBuilder = INSERT INTO data (id,className,message) VALUES (438324123125100,'BatteryFactory','batteryInstance: 1995101466')
2021-02-18 22:50:42 : sqlStringBuilder = INSERT INTO data (id,className,message) VALUES (438324123390300,'BatteryFactory','BatteryPort: 2100342310')
2021-02-18 22:50:42 : sqlStringBuilder = INSERT INTO data (id,className,message) VALUES (438324124512500,'batteryFactory','batteryClass1448150377')
2021-02-18 22:50:42 : sqlStringBuilder = INSERT INTO data (id,className,message) VALUES (438324124808100,'BatteryFactory','batteryInstance: 772909427')
2021-02-18 22:50:42 : sqlStringBuilder = INSERT INTO data (id,className,message) VALUES (438324125074100,'BatteryFactory','BatteryPort: 1756977135')
2021-02-18 22:50:42 : sqlStringBuilder = INSERT INTO data (id,className,message) VALUES (438324126254900,'batteryFactory','batteryClass169845419')
2021-02-18 22:50:42 : sqlStringBuilder = INSERT INTO data (id,className,message) VALUES (438324126575800,'BatteryFactory','batteryInstance: 1813981960')
2021-02-18 22:50:42 : sqlStringBuilder = INSERT INTO data (id,className,message) VALUES (438324127132000,'BatteryFactory','BatteryPort: 1045308382')
2021-02-18 22:50:42 : sqlStringBuilder = INSERT INTO data (id,className,message) VALUES (438324128330500,'batteryFactory','batteryClass2017516881')
2021-02-18 22:50:42 : sqlStringBuilder = INSERT INTO data (id,className,message) VALUES (438324128628700,'BatteryFactory','batteryInstance: 1919556953')
2021-02-18 22:50:42 : sqlStringBuilder = INSERT INTO data (id,className,message) VALUES (438324128899000,'BatteryFactory','BatteryPort: 865140850')
2021-02-18 22:50:42 : sqlStringBuilder = INSERT INTO data (id,className,message) VALUES (438324130010500,'batteryFactory','batteryClass1923961251')
2021-02-18 22:50:42 : sqlStringBuilder = INSERT INTO data (id,className,message) VALUES (438324130302700,'BatteryFactory','batteryInstance: 1304418931')
2021-02-18 22:50:42 : sqlStringBuilder = INSERT INTO data (id,className,message) VALUES (438324130564000,'BatteryFactory','BatteryPort: 795820167')
2021-02-18 22:50:42 : sqlStringBuilder = INSERT INTO data (id,className,message) VALUES (438324131845000,'batteryFactory','batteryClass382054590')
2021-02-18 22:50:42 : sqlStringBuilder = INSERT INTO data (id,className,message) VALUES (438324132215000,'BatteryFactory','batteryInstance: 923568690')
2021-02-18 22:50:42 : sqlStringBuilder = INSERT INTO data (id,className,message) VALUES (438324132503100,'BatteryFactory','BatteryPort: 1399166164')
2021-02-18 22:50:42 : sqlStringBuilder = INSERT INTO data (id,className,message) VALUES (438324133623300,'batteryFactory','batteryClass2000083323')
2021-02-18 22:50:42 : sqlStringBuilder = INSERT INTO data (id,className,message) VALUES (438324134189100,'BatteryFactory','batteryInstance: 2107709522')
2021-02-18 22:50:42 : sqlStringBuilder = INSERT INTO data (id,className,message) VALUES (438324135241600,'BatteryFactory','BatteryPort: 921154549')
2021-02-18 22:50:42 : sqlStringBuilder = INSERT INTO data (id,className,message) VALUES (438324136842800,'batteryFactory','batteryClass810162501')
2021-02-18 22:50:42 : sqlStringBuilder = INSERT INTO data (id,className,message) VALUES (438324137326000,'BatteryFactory','batteryInstance: 1933941409')
2021-02-18 22:50:42 : sqlStringBuilder = INSERT INTO data (id,className,message) VALUES (438324137604800,'BatteryFactory','BatteryPort: 875798340')
2021-02-18 22:50:42 : sqlStringBuilder = INSERT INTO data (id,className,message) VALUES (438324138867500,'batteryFactory','batteryClass2099875431')
2021-02-18 22:50:42 : sqlStringBuilder = INSERT INTO data (id,className,message) VALUES (438324139202200,'BatteryFactory','batteryInstance: 1085570448')
2021-02-18 22:50:42 : sqlStringBuilder = INSERT INTO data (id,className,message) VALUES (438324139646500,'BatteryFactory','BatteryPort: 493363086')
2021-02-18 22:50:42 : sqlStringBuilder = INSERT INTO data (id,className,message) VALUES (438324140965200,'batteryFactory','batteryClass145695733')
2021-02-18 22:50:42 : sqlStringBuilder = INSERT INTO data (id,className,message) VALUES (438324141272600,'BatteryFactory','batteryInstance: 48559094')
2021-02-18 22:50:42 : sqlStringBuilder = INSERT INTO data (id,className,message) VALUES (438324141550200,'BatteryFactory','BatteryPort: 1483332996')
2021-02-18 22:50:42 : sqlStringBuilder = INSERT INTO data (id,className,message) VALUES (438324142731400,'batteryFactory','batteryClass1454309744')
2021-02-18 22:50:42 : sqlStringBuilder = INSERT INTO data (id,className,message) VALUES (438324143127300,'BatteryFactory','batteryInstance: 883374351')
2021-02-18 22:50:42 : sqlStringBuilder = INSERT INTO data (id,className,message) VALUES (438324143411000,'BatteryFactory','BatteryPort: 1058380918')
2021-02-18 22:50:42 : sqlStringBuilder = INSERT INTO data (id,className,message) VALUES (438324145608700,'deIcingSystemFactory','deIcingSystemClass1363453390')
2021-02-18 22:50:42 : sqlStringBuilder = INSERT INTO data (id,className,message) VALUES (438324146014600,'DeIcingSystemFactory','deIcingSystemInstance: 718464114')
2021-02-18 22:50:42 : sqlStringBuilder = INSERT INTO data (id,className,message) VALUES (438324146298000,'DeIcingSystemFactory','DeIcingSystemPort: 810240060')
2021-02-18 22:50:42 : sqlStringBuilder = INSERT INTO data (id,className,message) VALUES (438324147594600,'deIcingSystemFactory','deIcingSystemClass453885413')
2021-02-18 22:50:42 : sqlStringBuilder = INSERT INTO data (id,className,message) VALUES (438324147987500,'DeIcingSystemFactory','deIcingSystemInstance: 252982025')
2021-02-18 22:50:42 : sqlStringBuilder = INSERT INTO data (id,className,message) VALUES (438324148336200,'DeIcingSystemFactory','DeIcingSystemPort: 52694788')
2021-02-18 22:50:42 : sqlStringBuilder = INSERT INTO data (id,className,message) VALUES (438324150609200,'pitotTubeFactory','pitotTubeClass386268575')
2021-02-18 22:50:42 : sqlStringBuilder = INSERT INTO data (id,className,message) VALUES (438324151104200,'PitotTubeFactory','pitotTubeInstance: 1338387463')
2021-02-18 22:50:42 : sqlStringBuilder = INSERT INTO data (id,className,message) VALUES (438324151369100,'PitotTubeFactory','PitotTubePort: 1166774154')
2021-02-18 22:50:42 : sqlStringBuilder = INSERT INTO data (id,className,message) VALUES (438324152622600,'pitotTubeFactory','pitotTubeClass902604396')
2021-02-18 22:50:42 : sqlStringBuilder = INSERT INTO data (id,className,message) VALUES (438324153008300,'PitotTubeFactory','pitotTubeInstance: 679219682')
2021-02-18 22:50:42 : sqlStringBuilder = INSERT INTO data (id,className,message) VALUES (438324153257900,'PitotTubeFactory','PitotTubePort: 1433156637')
2021-02-18 22:50:42 : sqlStringBuilder = INSERT INTO data (id,className,message) VALUES (438324155750100,'radarAltimeterFactory','radarAltimeterClass1677554045')
2021-02-18 22:50:42 : sqlStringBuilder = INSERT INTO data (id,className,message) VALUES (438324156266900,'RadarAltimeterFactory','radarAltimeterInstance: 965395110')
2021-02-18 22:50:42 : sqlStringBuilder = INSERT INTO data (id,className,message) VALUES (438324156597500,'RadarAltimeterFactory','RadarAltimeterPort: 1314753996')
2021-02-18 22:50:42 : sqlStringBuilder = INSERT INTO data (id,className,message) VALUES (438324157799800,'radarAltimeterFactory','radarAltimeterClass1621796812')
2021-02-18 22:50:42 : sqlStringBuilder = INSERT INTO data (id,className,message) VALUES (438324158124800,'RadarAltimeterFactory','radarAltimeterInstance: 1215913352')
2021-02-18 22:50:42 : sqlStringBuilder = INSERT INTO data (id,className,message) VALUES (438324158420700,'RadarAltimeterFactory','RadarAltimeterPort: 766775292')
2021-02-18 22:50:42 : sqlStringBuilder = INSERT INTO data (id,className,message) VALUES (438324208551800,'slatFactory','slatClass802362343')
2021-02-18 22:50:42 : sqlStringBuilder = INSERT INTO data (id,className,message) VALUES (438324209031600,'SlatFactory','slatInstance: 1306648659')
2021-02-18 22:50:42 : sqlStringBuilder = INSERT INTO data (id,className,message) VALUES (438324209322000,'SlatFactory','SlatPort: 1758994210')
2021-02-18 22:50:42 : sqlStringBuilder = INSERT INTO data (id,className,message) VALUES (438324210411900,'slatFactory','slatClass489717132')
2021-02-18 22:50:42 : sqlStringBuilder = INSERT INTO data (id,className,message) VALUES (438324210739600,'SlatFactory','slatInstance: 894093895')
2021-02-18 22:50:42 : sqlStringBuilder = INSERT INTO data (id,className,message) VALUES (438324211026200,'SlatFactory','SlatPort: 132654921')
2021-02-18 22:50:42 : sqlStringBuilder = INSERT INTO data (id,className,message) VALUES (438324212177800,'slatFactory','slatClass269399171')
2021-02-18 22:50:42 : sqlStringBuilder = INSERT INTO data (id,className,message) VALUES (438324212483600,'SlatFactory','slatInstance: 48096050')
2021-02-18 22:50:42 : sqlStringBuilder = INSERT INTO data (id,className,message) VALUES (438324212786800,'SlatFactory','SlatPort: 1984013695')
2021-02-18 22:50:42 : sqlStringBuilder = INSERT INTO data (id,className,message) VALUES (438324213906200,'slatFactory','slatClass1705876106')
2021-02-18 22:50:42 : sqlStringBuilder = INSERT INTO data (id,className,message) VALUES (438324214164900,'SlatFactory','slatInstance: 274499711')
2021-02-18 22:50:42 : sqlStringBuilder = INSERT INTO data (id,className,message) VALUES (438324214402900,'SlatFactory','SlatPort: 513177348')
2021-02-18 22:50:42 : sqlStringBuilder = INSERT INTO data (id,className,message) VALUES (438324215451200,'slatFactory','slatClass1222439442')
2021-02-18 22:50:42 : sqlStringBuilder = INSERT INTO data (id,className,message) VALUES (438324215718500,'SlatFactory','slatInstance: 705122841')
2021-02-18 22:50:42 : sqlStringBuilder = INSERT INTO data (id,className,message) VALUES (438324215954200,'SlatFactory','SlatPort: 841297074')
2021-02-18 22:50:42 : sqlStringBuilder = INSERT INTO data (id,className,message) VALUES (438324217036600,'slatFactory','slatClass474409986')
2021-02-18 22:50:42 : sqlStringBuilder = INSERT INTO data (id,className,message) VALUES (438324217305900,'SlatFactory','slatInstance: 845949236')
2021-02-18 22:50:42 : sqlStringBuilder = INSERT INTO data (id,className,message) VALUES (438324217549500,'SlatFactory','SlatPort: 1378392599')
2021-02-18 22:50:42 : sqlStringBuilder = INSERT INTO data (id,className,message) VALUES (438324218612700,'shockSensorFactory','shockSensorClass235910127')
2021-02-18 22:50:42 : sqlStringBuilder = INSERT INTO data (id,className,message) VALUES (438324218936400,'ShockSensorFactory','shockSensorInstance: 1033937178')
2021-02-18 22:50:42 : sqlStringBuilder = INSERT INTO data (id,className,message) VALUES (438324219151200,'ShockSensorFactory','ShockSensorPort: 1160290752')
2021-02-18 22:50:42 : sqlStringBuilder = INSERT INTO data (id,className,message) VALUES (438324220509000,'shockSensorFactory','shockSensorClass647120455')
2021-02-18 22:50:42 : sqlStringBuilder = INSERT INTO data (id,className,message) VALUES (438324221081100,'ShockSensorFactory','shockSensorInstance: 1283189592')
2021-02-18 22:50:42 : sqlStringBuilder = INSERT INTO data (id,className,message) VALUES (438324222048100,'ShockSensorFactory','ShockSensorPort: 776052197')
2021-02-18 22:50:42 : sqlStringBuilder = INSERT INTO data (id,className,message) VALUES (438324223230600,'stallingSensorFactory','stallingSensorClass799580483')
2021-02-18 22:50:42 : sqlStringBuilder = INSERT INTO data (id,className,message) VALUES (438324223571500,'StallingSensorFactory','stallingSensorInstance: 322080209')
2021-02-18 22:50:42 : sqlStringBuilder = INSERT INTO data (id,className,message) VALUES (438324223846500,'StallingSensorFactory','StallingSensorPort: 274659580')
2021-02-18 22:50:42 : sqlStringBuilder = INSERT INTO data (id,className,message) VALUES (438324224947000,'stallingSensorFactory','stallingSensorClass2035353441')
2021-02-18 22:50:42 : sqlStringBuilder = INSERT INTO data (id,className,message) VALUES (438324225300300,'StallingSensorFactory','stallingSensorInstance: 1584614311')
2021-02-18 22:50:42 : sqlStringBuilder = INSERT INTO data (id,className,message) VALUES (438324225576700,'StallingSensorFactory','StallingSensorPort: 1462637000')
2021-02-18 22:50:42 : sqlStringBuilder = INSERT INTO data (id,className,message) VALUES (438324226717600,'stallingSensorFactory','stallingSensorClass1009002601')
2021-02-18 22:50:42 : sqlStringBuilder = INSERT INTO data (id,className,message) VALUES (438324227467000,'StallingSensorFactory','stallingSensorInstance: 173515000')
2021-02-18 22:50:42 : sqlStringBuilder = INSERT INTO data (id,className,message) VALUES (438324227920600,'StallingSensorFactory','StallingSensorPort: 1705470600')
2021-02-18 22:50:42 : sqlStringBuilder = INSERT INTO data (id,className,message) VALUES (438324229881700,'stallingSensorFactory','stallingSensorClass107086141')
2021-02-18 22:50:42 : sqlStringBuilder = INSERT INTO data (id,className,message) VALUES (438324230503900,'StallingSensorFactory','stallingSensorInstance: 2110510583')
2021-02-18 22:50:42 : sqlStringBuilder = INSERT INTO data (id,className,message) VALUES (438324230833500,'StallingSensorFactory','StallingSensorPort: 1576276137')
2021-02-18 22:50:42 : sqlStringBuilder = INSERT INTO data (id,className,message) VALUES (438324232733900,'temperatureSensorFactory','temperatureSensorClass438024310')
2021-02-18 22:50:42 : sqlStringBuilder = INSERT INTO data (id,className,message) VALUES (438324233588500,'TemperatureSensorFactory','temperatureSensorInstance: 1626995538')
2021-02-18 22:50:42 : sqlStringBuilder = INSERT INTO data (id,className,message) VALUES (438324234480700,'TemperatureSensorFactory','TemperatureSensorPort: 1038394486')
2021-02-18 22:50:42 : sqlStringBuilder = INSERT INTO data (id,className,message) VALUES (438324236204600,'temperatureSensorFactory','temperatureSensorClass1603382458')
2021-02-18 22:50:42 : sqlStringBuilder = INSERT INTO data (id,className,message) VALUES (438324236690800,'TemperatureSensorFactory','temperatureSensorInstance: 655641245')
2021-02-18 22:50:42 : sqlStringBuilder = INSERT INTO data (id,className,message) VALUES (438324236975700,'TemperatureSensorFactory','TemperatureSensorPort: 845953125')
2021-02-18 22:50:42 : sqlStringBuilder = INSERT INTO data (id,className,message) VALUES (438324238141500,'temperatureSensorFactory','temperatureSensorClass2093751611')
2021-02-18 22:50:42 : sqlStringBuilder = INSERT INTO data (id,className,message) VALUES (438324238518300,'TemperatureSensorFactory','temperatureSensorInstance: 1103516218')
2021-02-18 22:50:42 : sqlStringBuilder = INSERT INTO data (id,className,message) VALUES (438324238794800,'TemperatureSensorFactory','TemperatureSensorPort: 131302443')
2021-02-18 22:50:42 : sqlStringBuilder = INSERT INTO data (id,className,message) VALUES (438324240045200,'temperatureSensorFactory','temperatureSensorClass615205450')
2021-02-18 22:50:42 : sqlStringBuilder = INSERT INTO data (id,className,message) VALUES (438324240461500,'TemperatureSensorFactory','temperatureSensorInstance: 500968180')
2021-02-18 22:50:42 : sqlStringBuilder = INSERT INTO data (id,className,message) VALUES (438324240807300,'TemperatureSensorFactory','TemperatureSensorPort: 1916011818')
2021-02-18 22:50:42 : sqlStringBuilder = INSERT INTO data (id,className,message) VALUES (438324242079500,'airFlowSensorFactory','airFlowSensorClass586306904')
2021-02-18 22:50:42 : sqlStringBuilder = INSERT INTO data (id,className,message) VALUES (438324242458700,'AirFlowSensorFactory','airFlowSensorInstance: 811387865')
2021-02-18 22:50:42 : sqlStringBuilder = INSERT INTO data (id,className,message) VALUES (438324242695800,'AirFlowSensorFactory','AirFlowSensorPort: 1013129472')
2021-02-18 22:50:42 : sqlStringBuilder = INSERT INTO data (id,className,message) VALUES (438324243775300,'airFlowSensorFactory','airFlowSensorClass506472636')
2021-02-18 22:50:42 : sqlStringBuilder = INSERT INTO data (id,className,message) VALUES (438324244095100,'AirFlowSensorFactory','airFlowSensorInstance: 959878759')
2021-02-18 22:50:42 : sqlStringBuilder = INSERT INTO data (id,className,message) VALUES (438324244341500,'AirFlowSensorFactory','AirFlowSensorPort: 885654512')
2021-02-18 22:50:42 : sqlStringBuilder = INSERT INTO data (id,className,message) VALUES (438324246160400,'deIcingSystemFactory','deIcingSystemClass1716103582')
2021-02-18 22:50:42 : sqlStringBuilder = INSERT INTO data (id,className,message) VALUES (438324246608700,'DeIcingSystemFactory','deIcingSystemInstance: 574194367')
2021-02-18 22:50:42 : sqlStringBuilder = INSERT INTO data (id,className,message) VALUES (438324246868200,'DeIcingSystemFactory','DeIcingSystemPort: 891743338')
2021-02-18 22:50:42 : sqlStringBuilder = INSERT INTO data (id,className,message) VALUES (438324247931800,'deIcingSystemFactory','deIcingSystemClass1450670933')
2021-02-18 22:50:42 : sqlStringBuilder = INSERT INTO data (id,className,message) VALUES (438324248177800,'DeIcingSystemFactory','deIcingSystemInstance: 1044365269')
2021-02-18 22:50:42 : sqlStringBuilder = INSERT INTO data (id,className,message) VALUES (438324248394900,'DeIcingSystemFactory','DeIcingSystemPort: 1157603478')
2021-02-18 22:50:42 : sqlStringBuilder = INSERT INTO data (id,className,message) VALUES (438324250659800,'engineOilTankFactory','engineOilTankClass1847006406')
2021-02-18 22:50:42 : sqlStringBuilder = INSERT INTO data (id,className,message) VALUES (438324251061100,'EngineOilTankFactory','engineOilTankInstance: 1310286355')
2021-02-18 22:50:42 : sqlStringBuilder = INSERT INTO data (id,className,message) VALUES (438324251323000,'EngineOilTankFactory','EngineOilTankPort: 52037530')
2021-02-18 22:50:42 : sqlStringBuilder = INSERT INTO data (id,className,message) VALUES (438324252582000,'engineOilTankFactory','engineOilTankClass789553788')
2021-02-18 22:50:42 : sqlStringBuilder = INSERT INTO data (id,className,message) VALUES (438324252907000,'EngineOilTankFactory','engineOilTankInstance: 1524620584')
2021-02-18 22:50:42 : sqlStringBuilder = INSERT INTO data (id,className,message) VALUES (438324253128400,'EngineOilTankFactory','EngineOilTankPort: 179312817')
2021-02-18 22:50:42 : sqlStringBuilder = INSERT INTO data (id,className,message) VALUES (438324254645900,'engineOilTankFactory','engineOilTankClass550047774')
2021-02-18 22:50:42 : sqlStringBuilder = INSERT INTO data (id,className,message) VALUES (438324254996800,'EngineOilTankFactory','engineOilTankInstance: 1084665950')
2021-02-18 22:50:42 : sqlStringBuilder = INSERT INTO data (id,className,message) VALUES (438324255240400,'EngineOilTankFactory','EngineOilTankPort: 1478454771')
2021-02-18 22:50:42 : sqlStringBuilder = INSERT INTO data (id,className,message) VALUES (438324256357900,'engineOilTankFactory','engineOilTankClass622240759')
2021-02-18 22:50:42 : sqlStringBuilder = INSERT INTO data (id,className,message) VALUES (438324256679100,'EngineOilTankFactory','engineOilTankInstance: 968937409')
2021-02-18 22:50:42 : sqlStringBuilder = INSERT INTO data (id,className,message) VALUES (438324256918500,'EngineOilTankFactory','EngineOilTankPort: 1840999635')
2021-02-18 22:50:42 : sqlStringBuilder = INSERT INTO data (id,className,message) VALUES (438324259772900,'fuelTankFactory','fuelTankClass1277774586')
2021-02-18 22:50:42 : sqlStringBuilder = INSERT INTO data (id,className,message) VALUES (438324260465400,'FuelTankFactory','fuelTankInstance: 1126049327')
2021-02-18 22:50:42 : sqlStringBuilder = INSERT INTO data (id,className,message) VALUES (438324260910900,'FuelTankFactory','FuelTankPort: 1641575364')
2021-02-18 22:50:42 : sqlStringBuilder = INSERT INTO data (id,className,message) VALUES (438324262316600,'fuelTankFactory','fuelTankClass819229559')
2021-02-18 22:50:42 : sqlStringBuilder = INSERT INTO data (id,className,message) VALUES (438324262793400,'FuelTankFactory','fuelTankInstance: 1784852762')
2021-02-18 22:50:42 : sqlStringBuilder = INSERT INTO data (id,className,message) VALUES (438324263055400,'FuelTankFactory','FuelTankPort: 642759833')
2021-02-18 22:50:42 : sqlStringBuilder = INSERT INTO data (id,className,message) VALUES (438324264243100,'fuelTankFactory','fuelTankClass1057463930')
2021-02-18 22:50:42 : sqlStringBuilder = INSERT INTO data (id,className,message) VALUES (438324264765000,'FuelTankFactory','fuelTankInstance: 1093485741')
2021-02-18 22:50:42 : sqlStringBuilder = INSERT INTO data (id,className,message) VALUES (438324265032900,'FuelTankFactory','FuelTankPort: 1279899770')
2021-02-18 22:50:42 : sqlStringBuilder = INSERT INTO data (id,className,message) VALUES (438324272789900,'slatFactory','slatClass2038113462')
2021-02-18 22:50:42 : sqlStringBuilder = INSERT INTO data (id,className,message) VALUES (438324273232700,'SlatFactory','slatInstance: 1541813666')
2021-02-18 22:50:42 : sqlStringBuilder = INSERT INTO data (id,className,message) VALUES (438324273482900,'SlatFactory','SlatPort: 1151853372')
2021-02-18 22:50:42 : sqlStringBuilder = INSERT INTO data (id,className,message) VALUES (438324274675700,'slatFactory','slatClass1849731115')
2021-02-18 22:50:42 : sqlStringBuilder = INSERT INTO data (id,className,message) VALUES (438324275030300,'SlatFactory','slatInstance: 2011026594')
2021-02-18 22:50:42 : sqlStringBuilder = INSERT INTO data (id,className,message) VALUES (438324275243600,'SlatFactory','SlatPort: 1245272247')
2021-02-18 22:50:42 : sqlStringBuilder = INSERT INTO data (id,className,message) VALUES (438324276449000,'slatFactory','slatClass1125317957')
2021-02-18 22:50:42 : sqlStringBuilder = INSERT INTO data (id,className,message) VALUES (438324277018200,'SlatFactory','slatInstance: 1334225552')
2021-02-18 22:50:42 : sqlStringBuilder = INSERT INTO data (id,className,message) VALUES (438324277394500,'SlatFactory','SlatPort: 969551683')
2021-02-18 22:50:42 : sqlStringBuilder = INSERT INTO data (id,className,message) VALUES (438324279426800,'slatFactory','slatClass597087870')
2021-02-18 22:50:42 : sqlStringBuilder = INSERT INTO data (id,className,message) VALUES (438324279894500,'SlatFactory','slatInstance: 1151701564')
2021-02-18 22:50:42 : sqlStringBuilder = INSERT INTO data (id,className,message) VALUES (438324280113900,'SlatFactory','SlatPort: 889796916')
2021-02-18 22:50:42 : sqlStringBuilder = INSERT INTO data (id,className,message) VALUES (438324281235900,'slatFactory','slatClass1741905230')
2021-02-18 22:50:42 : sqlStringBuilder = INSERT INTO data (id,className,message) VALUES (438324281453500,'SlatFactory','slatInstance: 171266917')
2021-02-18 22:50:42 : sqlStringBuilder = INSERT INTO data (id,className,message) VALUES (438324281671200,'SlatFactory','SlatPort: 743894183')
2021-02-18 22:50:42 : sqlStringBuilder = INSERT INTO data (id,className,message) VALUES (438324282659200,'slatFactory','slatClass1577605752')
2021-02-18 22:50:42 : sqlStringBuilder = INSERT INTO data (id,className,message) VALUES (438324282871100,'SlatFactory','slatInstance: 592108208')
2021-02-18 22:50:42 : sqlStringBuilder = INSERT INTO data (id,className,message) VALUES (438324283064100,'SlatFactory','SlatPort: 1164294540')
2021-02-18 22:50:42 : sqlStringBuilder = INSERT INTO data (id,className,message) VALUES (438324284059500,'shockSensorFactory','shockSensorClass1984003679')
2021-02-18 22:50:42 : sqlStringBuilder = INSERT INTO data (id,className,message) VALUES (438324284321900,'ShockSensorFactory','shockSensorInstance: 335912066')
2021-02-18 22:50:42 : sqlStringBuilder = INSERT INTO data (id,className,message) VALUES (438324284519200,'ShockSensorFactory','ShockSensorPort: 745178096')
2021-02-18 22:50:42 : sqlStringBuilder = INSERT INTO data (id,className,message) VALUES (438324285608300,'shockSensorFactory','shockSensorClass857747982')
2021-02-18 22:50:42 : sqlStringBuilder = INSERT INTO data (id,className,message) VALUES (438324285887200,'ShockSensorFactory','shockSensorInstance: 1888587573')
2021-02-18 22:50:42 : sqlStringBuilder = INSERT INTO data (id,className,message) VALUES (438324286080600,'ShockSensorFactory','ShockSensorPort: 907734672')
2021-02-18 22:50:42 : sqlStringBuilder = INSERT INTO data (id,className,message) VALUES (438324287080500,'stallingSensorFactory','stallingSensorClass424396173')
2021-02-18 22:50:42 : sqlStringBuilder = INSERT INTO data (id,className,message) VALUES (438324287395400,'StallingSensorFactory','stallingSensorInstance: 208719948')
2021-02-18 22:50:42 : sqlStringBuilder = INSERT INTO data (id,className,message) VALUES (438324287643500,'StallingSensorFactory','StallingSensorPort: 1767797636')
2021-02-18 22:50:42 : sqlStringBuilder = INSERT INTO data (id,className,message) VALUES (438324288616500,'stallingSensorFactory','stallingSensorClass319280832')
2021-02-18 22:50:42 : sqlStringBuilder = INSERT INTO data (id,className,message) VALUES (438324288878600,'StallingSensorFactory','stallingSensorInstance: 450227341')
2021-02-18 22:50:42 : sqlStringBuilder = INSERT INTO data (id,className,message) VALUES (438324289101000,'StallingSensorFactory','StallingSensorPort: 541771899')
2021-02-18 22:50:42 : sqlStringBuilder = INSERT INTO data (id,className,message) VALUES (438324290021000,'stallingSensorFactory','stallingSensorClass1279443145')
2021-02-18 22:50:42 : sqlStringBuilder = INSERT INTO data (id,className,message) VALUES (438324290269300,'StallingSensorFactory','stallingSensorInstance: 1708783124')
2021-02-18 22:50:42 : sqlStringBuilder = INSERT INTO data (id,className,message) VALUES (438324290489000,'StallingSensorFactory','StallingSensorPort: 2036795885')
2021-02-18 22:50:42 : sqlStringBuilder = INSERT INTO data (id,className,message) VALUES (438324291453800,'stallingSensorFactory','stallingSensorClass654328682')
2021-02-18 22:50:42 : sqlStringBuilder = INSERT INTO data (id,className,message) VALUES (438324291774900,'StallingSensorFactory','stallingSensorInstance: 340309827')
2021-02-18 22:50:42 : sqlStringBuilder = INSERT INTO data (id,className,message) VALUES (438324292052700,'StallingSensorFactory','StallingSensorPort: 476549644')
2021-02-18 22:50:42 : sqlStringBuilder = INSERT INTO data (id,className,message) VALUES (438324293439700,'temperatureSensorFactory','temperatureSensorClass1090782205')
2021-02-18 22:50:42 : sqlStringBuilder = INSERT INTO data (id,className,message) VALUES (438324294083900,'TemperatureSensorFactory','temperatureSensorInstance: 1082913302')
2021-02-18 22:50:42 : sqlStringBuilder = INSERT INTO data (id,className,message) VALUES (438324294396700,'TemperatureSensorFactory','TemperatureSensorPort: 539590157')
2021-02-18 22:50:42 : sqlStringBuilder = INSERT INTO data (id,className,message) VALUES (438324296278700,'temperatureSensorFactory','temperatureSensorClass787341018')
2021-02-18 22:50:42 : sqlStringBuilder = INSERT INTO data (id,className,message) VALUES (438324296953300,'TemperatureSensorFactory','temperatureSensorInstance: 1375481448')
2021-02-18 22:50:42 : sqlStringBuilder = INSERT INTO data (id,className,message) VALUES (438324297225000,'TemperatureSensorFactory','TemperatureSensorPort: 1434208676')
2021-02-18 22:50:42 : sqlStringBuilder = INSERT INTO data (id,className,message) VALUES (438324298520700,'temperatureSensorFactory','temperatureSensorClass1481756099')
2021-02-18 22:50:42 : sqlStringBuilder = INSERT INTO data (id,className,message) VALUES (438324298813900,'TemperatureSensorFactory','temperatureSensorInstance: 1385730906')
2021-02-18 22:50:42 : sqlStringBuilder = INSERT INTO data (id,className,message) VALUES (438324299733900,'TemperatureSensorFactory','TemperatureSensorPort: 1399472520')
2021-02-18 22:50:42 : sqlStringBuilder = INSERT INTO data (id,className,message) VALUES (438324301341000,'temperatureSensorFactory','temperatureSensorClass741734642')
2021-02-18 22:50:42 : sqlStringBuilder = INSERT INTO data (id,className,message) VALUES (438324301847300,'TemperatureSensorFactory','temperatureSensorInstance: 1152873541')
2021-02-18 22:50:42 : sqlStringBuilder = INSERT INTO data (id,className,message) VALUES (438324302202000,'TemperatureSensorFactory','TemperatureSensorPort: 1955001178')
2021-02-18 22:50:42 : sqlStringBuilder = INSERT INTO data (id,className,message) VALUES (438324304593400,'airFlowSensorFactory','airFlowSensorClass721190175')
2021-02-18 22:50:42 : sqlStringBuilder = INSERT INTO data (id,className,message) VALUES (438324305159500,'AirFlowSensorFactory','airFlowSensorInstance: 1145309709')
2021-02-18 22:50:42 : sqlStringBuilder = INSERT INTO data (id,className,message) VALUES (438324305456900,'AirFlowSensorFactory','AirFlowSensorPort: 485499392')
2021-02-18 22:50:42 : sqlStringBuilder = INSERT INTO data (id,className,message) VALUES (438324307055200,'airFlowSensorFactory','airFlowSensorClass801915904')
2021-02-18 22:50:42 : sqlStringBuilder = INSERT INTO data (id,className,message) VALUES (438324307566500,'AirFlowSensorFactory','airFlowSensorInstance: 1016010175')
2021-02-18 22:50:42 : sqlStringBuilder = INSERT INTO data (id,className,message) VALUES (438324307851700,'AirFlowSensorFactory','AirFlowSensorPort: 261681657')
2021-02-18 22:50:42 : sqlStringBuilder = INSERT INTO data (id,className,message) VALUES (438324309686200,'deIcingSystemFactory','deIcingSystemClass476490192')
2021-02-18 22:50:42 : sqlStringBuilder = INSERT INTO data (id,className,message) VALUES (438324310113500,'DeIcingSystemFactory','deIcingSystemInstance: 193175768')
2021-02-18 22:50:42 : sqlStringBuilder = INSERT INTO data (id,className,message) VALUES (438324310417000,'DeIcingSystemFactory','DeIcingSystemPort: 271508237')
2021-02-18 22:50:42 : sqlStringBuilder = INSERT INTO data (id,className,message) VALUES (438324311792300,'deIcingSystemFactory','deIcingSystemClass1581827214')
2021-02-18 22:50:42 : sqlStringBuilder = INSERT INTO data (id,className,message) VALUES (438324312294500,'DeIcingSystemFactory','deIcingSystemInstance: 667557108')
2021-02-18 22:50:42 : sqlStringBuilder = INSERT INTO data (id,className,message) VALUES (438324312556300,'DeIcingSystemFactory','DeIcingSystemPort: 159631776')
2021-02-18 22:50:42 : sqlStringBuilder = INSERT INTO data (id,className,message) VALUES (438324313740700,'engineOilTankFactory','engineOilTankClass680409240')
2021-02-18 22:50:42 : sqlStringBuilder = INSERT INTO data (id,className,message) VALUES (438324314132500,'EngineOilTankFactory','engineOilTankInstance: 1557756519')
2021-02-18 22:50:42 : sqlStringBuilder = INSERT INTO data (id,className,message) VALUES (438324314370500,'EngineOilTankFactory','EngineOilTankPort: 1136167906')
2021-02-18 22:50:42 : sqlStringBuilder = INSERT INTO data (id,className,message) VALUES (438324315623200,'engineOilTankFactory','engineOilTankClass1696741828')
2021-02-18 22:50:42 : sqlStringBuilder = INSERT INTO data (id,className,message) VALUES (438324316023500,'EngineOilTankFactory','engineOilTankInstance: 949615153')
2021-02-18 22:50:42 : sqlStringBuilder = INSERT INTO data (id,className,message) VALUES (438324316257700,'EngineOilTankFactory','EngineOilTankPort: 1165159525')
2021-02-18 22:50:42 : sqlStringBuilder = INSERT INTO data (id,className,message) VALUES (438324317407300,'engineOilTankFactory','engineOilTankClass2104508879')
2021-02-18 22:50:42 : sqlStringBuilder = INSERT INTO data (id,className,message) VALUES (438324317774800,'EngineOilTankFactory','engineOilTankInstance: 1269744475')
2021-02-18 22:50:42 : sqlStringBuilder = INSERT INTO data (id,className,message) VALUES (438324317995800,'EngineOilTankFactory','EngineOilTankPort: 2027743235')
2021-02-18 22:50:42 : sqlStringBuilder = INSERT INTO data (id,className,message) VALUES (438324319178300,'engineOilTankFactory','engineOilTankClass1759284682')
2021-02-18 22:50:42 : sqlStringBuilder = INSERT INTO data (id,className,message) VALUES (438324319765200,'EngineOilTankFactory','engineOilTankInstance: 1658880936')
2021-02-18 22:50:42 : sqlStringBuilder = INSERT INTO data (id,className,message) VALUES (438324319989600,'EngineOilTankFactory','EngineOilTankPort: 1943360189')
2021-02-18 22:50:42 : sqlStringBuilder = INSERT INTO data (id,className,message) VALUES (438324321306500,'fuelTankFactory','fuelTankClass1288451011')
2021-02-18 22:50:42 : sqlStringBuilder = INSERT INTO data (id,className,message) VALUES (438324321782700,'FuelTankFactory','fuelTankInstance: 795849618')
2021-02-18 22:50:42 : sqlStringBuilder = INSERT INTO data (id,className,message) VALUES (438324322056700,'FuelTankFactory','FuelTankPort: 1678476795')
2021-02-18 22:50:42 : sqlStringBuilder = INSERT INTO data (id,className,message) VALUES (438324323492700,'fuelTankFactory','fuelTankClass1114563271')
2021-02-18 22:50:42 : sqlStringBuilder = INSERT INTO data (id,className,message) VALUES (438324323997800,'FuelTankFactory','fuelTankInstance: 434481042')
2021-02-18 22:50:42 : sqlStringBuilder = INSERT INTO data (id,className,message) VALUES (438324324226500,'FuelTankFactory','FuelTankPort: 97920454')
2021-02-18 22:50:42 : sqlStringBuilder = INSERT INTO data (id,className,message) VALUES (438324325471800,'fuelTankFactory','fuelTankClass1389430612')
2021-02-18 22:50:42 : sqlStringBuilder = INSERT INTO data (id,className,message) VALUES (438324325838900,'FuelTankFactory','fuelTankInstance: 1925963529')
2021-02-18 22:50:42 : sqlStringBuilder = INSERT INTO data (id,className,message) VALUES (438324326057800,'FuelTankFactory','FuelTankPort: 97935978')
